Library/Bee/Bee/Android/Prj/Mono2x/Gradle/launcher/build/outputs/logs/manifest-merger-release-report.txt
-- Merging decision tree log ---
manifest
ADDED from src\main\AndroidManifest.xml:2:1-5:12
INJECTED from src\main\AndroidManifest.xml:2:1-5:12
INJECTED from src\main\AndroidManifest.xml:2:1-5:12
INJECTED from src\main\AndroidManifest.xml:2:1-5:12
MERGED from [:unityLibrary] AndroidManifest.xml:2:1-82:12
MERGED from [:InteractionSdk:] AndroidManifest.xml:2:1-9:12
INJECTED from src\main\AndroidManifest.xml:2:1-5:12
INJECTED from src\main\AndroidManifest.xml:2:1-5:12
INJECTED from src\main\AndroidManifest.xml:2:1-5:12
	package
		ADDED from src\main\AndroidManifest.xml:2:70-106
		INJECTED from src\main\AndroidManifest.xml
		INJECTED from src\main\AndroidManifest.xml
	android:versionName
		INJECTED from src\main\AndroidManifest.xml
		ADDED from src\main\AndroidManifest.xml:2:1-5:12
		INJECTED from src\main\AndroidManifest.xml
	xmlns:tools
		ADDED from src\main\AndroidManifest.xml:2:107-153
	android:versionCode
		INJECTED from src\main\AndroidManifest.xml
		ADDED from src\main\AndroidManifest.xml:2:1-5:12
		INJECTED from src\main\AndroidManifest.xml
	xmlns:android
		ADDED from src\main\AndroidManifest.xml:2:11-69
	android:installLocation
		ADDED from src\main\AndroidManifest.xml:2:154-184
supports-screens
ADDED from src\main\AndroidManifest.xml:3:3-163
	android:largeScreens
		ADDED from src\main\AndroidManifest.xml:3:78-105
	android:smallScreens
		ADDED from src\main\AndroidManifest.xml:3:21-48
	android:normalScreens
		ADDED from src\main\AndroidManifest.xml:3:49-77
	android:xlargeScreens
		ADDED from src\main\AndroidManifest.xml:3:106-134
	android:anyDensity
		ADDED from src\main\AndroidManifest.xml:3:135-160
application
ADDED from src\main\AndroidManifest.xml:4:3-83
MERGED from [:unityLibrary] AndroidManifest.xml:37:5-80:19
MERGED from [:unityLibrary] AndroidManifest.xml:37:5-80:19
	android:extractNativeLibs
		ADDED from [:unityLibrary] AndroidManifest.xml:39:9-41
	android:label
		ADDED from src\main\AndroidManifest.xml:4:16-48
	android:allowBackup
		ADDED from [:unityLibrary] AndroidManifest.xml:38:9-36
	android:icon
		ADDED from src\main\AndroidManifest.xml:4:49-80
	android:networkSecurityConfig
		ADDED from [:unityLibrary] AndroidManifest.xml:42:9-64
uses-sdk
INJECTED from src\main\AndroidManifest.xml reason: use-sdk injection requested
INJECTED from src\main\AndroidManifest.xml
INJECTED from src\main\AndroidManifest.xml
MERGED from [:unityLibrary] AndroidManifest.xml:8:5-10:41
MERGED from [:unityLibrary] AndroidManifest.xml:8:5-10:41
MERGED from [:InteractionSdk:] AndroidManifest.xml:7:5-47
MERGED from [:InteractionSdk:] AndroidManifest.xml:7:5-47
INJECTED from src\main\AndroidManifest.xml
INJECTED from src\main\AndroidManifest.xml
	android:targetSdkVersion
		INJECTED from src\main\AndroidManifest.xml
		ADDED from src\main\AndroidManifest.xml
		INJECTED from src\main\AndroidManifest.xml
	android:minSdkVersion
		INJECTED from src\main\AndroidManifest.xml
		ADDED from src\main\AndroidManifest.xml
		MERGED from src\main\AndroidManifest.xml
		INJECTED from src\main\AndroidManifest.xml
uses-feature#0x00030000
ADDED from [:unityLibrary] AndroidManifest.xml:12:5-54
	android:glEsVersion
		ADDED from [:unityLibrary] AndroidManifest.xml:12:19-51
uses-permission#android.permission.INTERNET
ADDED from [:unityLibrary] AndroidManifest.xml:14:5-67
	android:name
		ADDED from [:unityLibrary] AndroidManifest.xml:14:22-64
uses-permission#android.permission.ACCESS_NETWORK_STATE
ADDED from [:unityLibrary] AndroidManifest.xml:15:5-79
	android:name
		ADDED from [:unityLibrary] AndroidManifest.xml:15:22-76
uses-permission#android.permission.RECORD_AUDIO
ADDED from [:unityLibrary] AndroidManifest.xml:16:5-71
	android:name
		ADDED from [:unityLibrary] AndroidManifest.xml:16:22-68
uses-permission#android.permission.MODIFY_AUDIO_SETTINGS
ADDED from [:unityLibrary] AndroidManifest.xml:17:5-80
	android:name
		ADDED from [:unityLibrary] AndroidManifest.xml:17:22-77
uses-permission#android.permission.BLUETOOTH
ADDED from [:unityLibrary] AndroidManifest.xml:18:5-68
	android:name
		ADDED from [:unityLibrary] AndroidManifest.xml:18:22-65
uses-feature#android.hardware.microphone
ADDED from [:unityLibrary] AndroidManifest.xml:20:5-22:36
	android:required
		ADDED from [:unityLibrary] AndroidManifest.xml:22:9-33
	android:name
		ADDED from [:unityLibrary] AndroidManifest.xml:21:9-51
uses-feature#android.hardware.touchscreen
ADDED from [:unityLibrary] AndroidManifest.xml:23:5-25:36
	android:required
		ADDED from [:unityLibrary] AndroidManifest.xml:25:9-33
	android:name
		ADDED from [:unityLibrary] AndroidManifest.xml:24:9-52
uses-feature#android.hardware.touchscreen.multitouch
ADDED from [:unityLibrary] AndroidManifest.xml:26:5-28:36
	android:required
		ADDED from [:unityLibrary] AndroidManifest.xml:28:9-33
	android:name
		ADDED from [:unityLibrary] AndroidManifest.xml:27:9-63
uses-feature#android.hardware.touchscreen.multitouch.distinct
ADDED from [:unityLibrary] AndroidManifest.xml:29:5-31:36
	android:required
		ADDED from [:unityLibrary] AndroidManifest.xml:31:9-33
	android:name
		ADDED from [:unityLibrary] AndroidManifest.xml:30:9-72
uses-feature#android.hardware.vr.headtracking
ADDED from [:unityLibrary] AndroidManifest.xml:32:5-35:31
	android:version
		ADDED from [:unityLibrary] AndroidManifest.xml:35:9-28
	android:required
		ADDED from [:unityLibrary] AndroidManifest.xml:34:9-32
	android:name
		ADDED from [:unityLibrary] AndroidManifest.xml:33:9-56
activity#com.unity3d.player.UnityPlayerActivity
ADDED from [:unityLibrary] AndroidManifest.xml:43:9-63:20
	android:screenOrientation
		ADDED from [:unityLibrary] AndroidManifest.xml:49:13-50
	android:launchMode
		ADDED from [:unityLibrary] AndroidManifest.xml:47:13-44
	android:hardwareAccelerated
		ADDED from [:unityLibrary] AndroidManifest.xml:46:13-48
	android:resizeableActivity
		ADDED from [:unityLibrary] AndroidManifest.xml:48:13-47
	android:configChanges
		ADDED from [:unityLibrary] AndroidManifest.xml:45:13-194
	android:theme
		ADDED from [:unityLibrary] AndroidManifest.xml:50:13-54
	android:name
		ADDED from [:unityLibrary] AndroidManifest.xml:44:13-66
intent-filter#action:name:android.intent.action.MAIN+category:name:android.intent.category.LAUNCHER
ADDED from [:unityLibrary] AndroidManifest.xml:51:13-55:29
action#android.intent.action.MAIN
ADDED from [:unityLibrary] AndroidManifest.xml:52:17-69
	android:name
		ADDED from [:unityLibrary] AndroidManifest.xml:52:25-66
category#android.intent.category.LAUNCHER
ADDED from [:unityLibrary] AndroidManifest.xml:54:17-77
	android:name
		ADDED from [:unityLibrary] AndroidManifest.xml:54:27-74
meta-data#unityplayer.UnityActivity
ADDED from [:unityLibrary] AndroidManifest.xml:57:13-59:40
	android:value
		ADDED from [:unityLibrary] AndroidManifest.xml:59:17-37
	android:name
		ADDED from [:unityLibrary] AndroidManifest.xml:58:17-57
meta-data#android.notch_support
ADDED from [:unityLibrary] AndroidManifest.xml:60:13-62:40
	android:value
		ADDED from [:unityLibrary] AndroidManifest.xml:62:17-37
	android:name
		ADDED from [:unityLibrary] AndroidManifest.xml:61:17-53
meta-data#unity.splash-mode
ADDED from [:unityLibrary] AndroidManifest.xml:65:9-67:33
	android:value
		ADDED from [:unityLibrary] AndroidManifest.xml:67:13-30
	android:name
		ADDED from [:unityLibrary] AndroidManifest.xml:66:13-45
meta-data#unity.splash-enable
ADDED from [:unityLibrary] AndroidManifest.xml:68:9-70:36
	android:value
		ADDED from [:unityLibrary] AndroidManifest.xml:70:13-33
	android:name
		ADDED from [:unityLibrary] AndroidManifest.xml:69:13-47
meta-data#unity.launch-fullscreen
ADDED from [:unityLibrary] AndroidManifest.xml:71:9-73:36
	android:value
		ADDED from [:unityLibrary] AndroidManifest.xml:73:13-33
	android:name
		ADDED from [:unityLibrary] AndroidManifest.xml:72:13-51
meta-data#unity.allow-resizable-window
ADDED from [:unityLibrary] AndroidManifest.xml:74:9-76:37
	android:value
		ADDED from [:unityLibrary] AndroidManifest.xml:76:13-34
	android:name
		ADDED from [:unityLibrary] AndroidManifest.xml:75:13-56
meta-data#notch.config
ADDED from [:unityLibrary] AndroidManifest.xml:77:9-79:50
	android:value
		ADDED from [:unityLibrary] AndroidManifest.xml:79:13-47
	android:name
		ADDED from [:unityLibrary] AndroidManifest.xml:78:13-40